{"C:\\Users\\karthick.s\\Documents\\POC\\react-table-validation\\src\\App.jsx": {"path":"C:\\Users\\karthick.s\\Documents\\POC\\react-table-validation\\src\\App.jsx","statementMap":{"0":{"start":{"line":11,"column":17},"end":{"line":26,"column":4}},"1":{"start":{"line":14,"column":21},"end":{"line":14,"column":77}},"2":{"start":{"line":15,"column":6},"end":{"line":20,"column":7}},"3":{"start":{"line":16,"column":23},"end":{"line":18,"column":9}},"4":{"start":{"line":17,"column":24},"end":{"line":17,"column":45}},"5":{"start":{"line":19,"column":8},"end":{"line":19,"column":22}},"6":{"start":{"line":21,"column":6},"end":{"line":21,"column":16}},"7":{"start":{"line":24,"column":6},"end":{"line":24,"column":42}},"8":{"start":{"line":28,"column":23},"end":{"line":35,"column":3}},"9":{"start":{"line":29,"column":4},"end":{"line":34,"column":6}},"10":{"start":{"line":37,"column":22},"end":{"line":45,"column":3}},"11":{"start":{"line":38,"column":4},"end":{"line":44,"column":6}},"12":{"start":{"line":47,"column":27},"end":{"line":51,"column":3}},"13":{"start":{"line":48,"column":4},"end":{"line":50,"column":6}},"14":{"start":{"line":49,"column":6},"end":{"line":49,"column":61}},"15":{"start":{"line":49,"column":30},"end":{"line":49,"column":60}},"16":{"start":{"line":53,"column":27},"end":{"line":55,"column":3}},"17":{"start":{"line":54,"column":4},"end":{"line":54,"column":72}},"18":{"start":{"line":57,"column":2},"end":{"line":97,"column":4}},"19":{"start":{"line":70,"column":16},"end":{"line":70,"column":48}},"20":{"start":{"line":76,"column":16},"end":{"line":76,"column":48}},"21":{"start":{"line":82,"column":16},"end":{"line":82,"column":50}}},"fnMap":{"0":{"name":"App","decl":{"start":{"line":10,"column":9},"end":{"line":10,"column":12}},"loc":{"start":{"line":10,"column":15},"end":{"line":98,"column":1}},"line":10},"1":{"name":"(anonymous_1)","decl":{"start":{"line":13,"column":14},"end":{"line":13,"column":15}},"loc":{"start":{"line":13,"column":26},"end":{"line":22,"column":5}},"line":13},"2":{"name":"(anonymous_2)","decl":{"start":{"line":17,"column":10},"end":{"line":17,"column":11}},"loc":{"start":{"line":17,"column":24},"end":{"line":17,"column":45}},"line":17},"3":{"name":"(anonymous_3)","decl":{"start":{"line":23,"column":14},"end":{"line":23,"column":15}},"loc":{"start":{"line":23,"column":26},"end":{"line":25,"column":5}},"line":23},"4":{"name":"(anonymous_4)","decl":{"start":{"line":28,"column":23},"end":{"line":28,"column":24}},"loc":{"start":{"line":28,"column":41},"end":{"line":35,"column":3}},"line":28},"5":{"name":"(anonymous_5)","decl":{"start":{"line":37,"column":22},"end":{"line":37,"column":23}},"loc":{"start":{"line":37,"column":58},"end":{"line":45,"column":3}},"line":37},"6":{"name":"(anonymous_6)","decl":{"start":{"line":47,"column":27},"end":{"line":47,"column":28}},"loc":{"start":{"line":47,"column":33},"end":{"line":51,"column":3}},"line":47},"7":{"name":"(anonymous_7)","decl":{"start":{"line":48,"column":44},"end":{"line":48,"column":45}},"loc":{"start":{"line":49,"column":6},"end":{"line":49,"column":61}},"line":49},"8":{"name":"(anonymous_8)","decl":{"start":{"line":49,"column":19},"end":{"line":49,"column":20}},"loc":{"start":{"line":49,"column":30},"end":{"line":49,"column":60}},"line":49},"9":{"name":"(anonymous_9)","decl":{"start":{"line":53,"column":27},"end":{"line":53,"column":28}},"loc":{"start":{"line":53,"column":33},"end":{"line":55,"column":3}},"line":53},"10":{"name":"(anonymous_10)","decl":{"start":{"line":69,"column":20},"end":{"line":69,"column":21}},"loc":{"start":{"line":70,"column":16},"end":{"line":70,"column":48}},"line":70},"11":{"name":"(anonymous_11)","decl":{"start":{"line":75,"column":20},"end":{"line":75,"column":21}},"loc":{"start":{"line":76,"column":16},"end":{"line":76,"column":48}},"line":76},"12":{"name":"(anonymous_12)","decl":{"start":{"line":81,"column":20},"end":{"line":81,"column":21}},"loc":{"start":{"line":82,"column":16},"end":{"line":82,"column":50}},"line":82}},"branchMap":{"0":{"loc":{"start":{"line":15,"column":6},"end":{"line":20,"column":7}},"type":"if","locations":[{"start":{"line":15,"column":6},"end":{"line":20,"column":7}},{"start":{},"end":{}}],"line":15},"1":{"loc":{"start":{"line":49,"column":30},"end":{"line":49,"column":60}},"type":"binary-expr","locations":[{"start":{"line":49,"column":30},"end":{"line":49,"column":47}},{"start":{"line":49,"column":51},"end":{"line":49,"column":60}}],"line":49},"2":{"loc":{"start":{"line":54,"column":11},"end":{"line":54,"column":71}},"type":"binary-expr","locations":[{"start":{"line":54,"column":11},"end":{"line":54,"column":48}},{"start":{"line":54,"column":52},"end":{"line":54,"column":71}}],"line":54}},"s":{"0":0,"1":0,"2":0,"3":0,"4":0,"5":0,"6":0,"7":0,"8":0,"9":0,"10":0,"11":0,"12":0,"13":0,"14":0,"15":0,"16":0,"17":0,"18":0,"19":0,"20":0,"21":0},"f":{"0":0,"1":0,"2":0,"3":0,"4":0,"5":0,"6":0,"7":0,"8":0,"9":0,"10":0,"11":0,"12":0},"b":{"0":[0,0],"1":[0,0],"2":[0,0]}}
,"C:\\Users\\karthick.s\\Documents\\POC\\react-table-validation\\src\\AppDataTable.jsx": {"path":"C:\\Users\\karthick.s\\Documents\\POC\\react-table-validation\\src\\AppDataTable.jsx","statementMap":{"0":{"start":{"line":9,"column":38},"end":{"line":55,"column":4}},"1":{"start":{"line":57,"column":18},"end":{"line":63,"column":3}},"2":{"start":{"line":65,"column":26},"end":{"line":83,"column":3}},"3":{"start":{"line":66,"column":24},"end":{"line":66,"column":29}},"4":{"start":{"line":68,"column":4},"end":{"line":81,"column":5}},"5":{"start":{"line":69,"column":6},"end":{"line":71,"column":7}},"6":{"start":{"line":70,"column":8},"end":{"line":70,"column":20}},"7":{"start":{"line":72,"column":29},"end":{"line":72,"column":33}},"8":{"start":{"line":73,"column":49},"end":{"line":73,"column":59}},"9":{"start":{"line":74,"column":6},"end":{"line":80,"column":7}},"10":{"start":{"line":79,"column":8},"end":{"line":79,"column":29}},"11":{"start":{"line":82,"column":4},"end":{"line":82,"column":26}},"12":{"start":{"line":85,"column":24},"end":{"line":93,"column":3}},"13":{"start":{"line":86,"column":14},"end":{"line":86,"column":15}},"14":{"start":{"line":87,"column":4},"end":{"line":91,"column":7}},"15":{"start":{"line":88,"column":6},"end":{"line":90,"column":7}},"16":{"start":{"line":89,"column":8},"end":{"line":89,"column":46}},"17":{"start":{"line":92,"column":4},"end":{"line":92,"column":15}},"18":{"start":{"line":95,"column":15},"end":{"line":101,"column":18}},"19":{"start":{"line":96,"column":4},"end":{"line":100,"column":6}},"20":{"start":{"line":103,"column":19},"end":{"line":116,"column":3}},"21":{"start":{"line":104,"column":4},"end":{"line":115,"column":7}},"22":{"start":{"line":105,"column":6},"end":{"line":114,"column":9}},"23":{"start":{"line":106,"column":8},"end":{"line":112,"column":9}},"24":{"start":{"line":107,"column":10},"end":{"line":111,"column":12}},"25":{"start":{"line":113,"column":8},"end":{"line":113,"column":20}},"26":{"start":{"line":118,"column":20},"end":{"line":124,"column":3}},"27":{"start":{"line":119,"column":4},"end":{"line":123,"column":9}},"28":{"start":{"line":122,"column":21},"end":{"line":122,"column":33}},"29":{"start":{"line":126,"column":27},"end":{"line":154,"column":3}},"30":{"start":{"line":127,"column":4},"end":{"line":153,"column":5}},"31":{"start":{"line":128,"column":6},"end":{"line":139,"column":9}},"32":{"start":{"line":129,"column":8},"end":{"line":138,"column":11}},"33":{"start":{"line":130,"column":10},"end":{"line":136,"column":11}},"34":{"start":{"line":131,"column":12},"end":{"line":135,"column":14}},"35":{"start":{"line":137,"column":10},"end":{"line":137,"column":22}},"36":{"start":{"line":141,"column":6},"end":{"line":152,"column":9}},"37":{"start":{"line":142,"column":8},"end":{"line":151,"column":11}},"38":{"start":{"line":143,"column":10},"end":{"line":149,"column":11}},"39":{"start":{"line":144,"column":12},"end":{"line":148,"column":14}},"40":{"start":{"line":146,"column":50},"end":{"line":146,"column":61}},"41":{"start":{"line":150,"column":10},"end":{"line":150,"column":22}},"42":{"start":{"line":156,"column":2},"end":{"line":208,"column":4}},"43":{"start":{"line":161,"column":12},"end":{"line":192,"column":14}},"44":{"start":{"line":184,"column":22},"end":{"line":188,"column":24}},"45":{"start":{"line":194,"column":37},"end":{"line":194,"column":58}},"46":{"start":{"line":203,"column":27},"end":{"line":203,"column":62}}},"fnMap":{"0":{"name":"AppDataTable","decl":{"start":{"line":8,"column":9},"end":{"line":8,"column":21}},"loc":{"start":{"line":8,"column":24},"end":{"line":209,"column":1}},"line":8},"1":{"name":"(anonymous_1)","decl":{"start":{"line":65,"column":26},"end":{"line":65,"column":27}},"loc":{"start":{"line":65,"column":32},"end":{"line":83,"column":3}},"line":65},"2":{"name":"(anonymous_2)","decl":{"start":{"line":85,"column":24},"end":{"line":85,"column":25}},"loc":{"start":{"line":85,"column":42},"end":{"line":93,"column":3}},"line":85},"3":{"name":"(anonymous_3)","decl":{"start":{"line":87,"column":14},"end":{"line":87,"column":15}},"loc":{"start":{"line":87,"column":24},"end":{"line":91,"column":5}},"line":87},"4":{"name":"(anonymous_4)","decl":{"start":{"line":95,"column":23},"end":{"line":95,"column":24}},"loc":{"start":{"line":95,"column":29},"end":{"line":101,"column":3}},"line":95},"5":{"name":"(anonymous_5)","decl":{"start":{"line":103,"column":19},"end":{"line":103,"column":20}},"loc":{"start":{"line":103,"column":27},"end":{"line":116,"column":3}},"line":103},"6":{"name":"(anonymous_6)","decl":{"start":{"line":104,"column":18},"end":{"line":104,"column":19}},"loc":{"start":{"line":104,"column":33},"end":{"line":115,"column":5}},"line":104},"7":{"name":"(anonymous_7)","decl":{"start":{"line":105,"column":27},"end":{"line":105,"column":28}},"loc":{"start":{"line":105,"column":37},"end":{"line":114,"column":7}},"line":105},"8":{"name":"(anonymous_8)","decl":{"start":{"line":118,"column":20},"end":{"line":118,"column":21}},"loc":{"start":{"line":119,"column":4},"end":{"line":123,"column":9}},"line":119},"9":{"name":"(anonymous_9)","decl":{"start":{"line":122,"column":15},"end":{"line":122,"column":16}},"loc":{"start":{"line":122,"column":21},"end":{"line":122,"column":33}},"line":122},"10":{"name":"(anonymous_10)","decl":{"start":{"line":126,"column":27},"end":{"line":126,"column":28}},"loc":{"start":{"line":126,"column":58},"end":{"line":154,"column":3}},"line":126},"11":{"name":"(anonymous_11)","decl":{"start":{"line":128,"column":20},"end":{"line":128,"column":21}},"loc":{"start":{"line":128,"column":35},"end":{"line":139,"column":7}},"line":128},"12":{"name":"(anonymous_12)","decl":{"start":{"line":129,"column":29},"end":{"line":129,"column":30}},"loc":{"start":{"line":129,"column":39},"end":{"line":138,"column":9}},"line":129},"13":{"name":"(anonymous_13)","decl":{"start":{"line":141,"column":20},"end":{"line":141,"column":21}},"loc":{"start":{"line":141,"column":35},"end":{"line":152,"column":7}},"line":141},"14":{"name":"(anonymous_14)","decl":{"start":{"line":142,"column":29},"end":{"line":142,"column":30}},"loc":{"start":{"line":142,"column":39},"end":{"line":151,"column":9}},"line":142},"15":{"name":"(anonymous_15)","decl":{"start":{"line":146,"column":43},"end":{"line":146,"column":44}},"loc":{"start":{"line":146,"column":50},"end":{"line":146,"column":61}},"line":146},"16":{"name":"(anonymous_16)","decl":{"start":{"line":160,"column":23},"end":{"line":160,"column":24}},"loc":{"start":{"line":161,"column":12},"end":{"line":192,"column":14}},"line":161},"17":{"name":"(anonymous_17)","decl":{"start":{"line":183,"column":20},"end":{"line":183,"column":21}},"loc":{"start":{"line":184,"column":22},"end":{"line":188,"column":24}},"line":184},"18":{"name":"(anonymous_18)","decl":{"start":{"line":194,"column":24},"end":{"line":194,"column":25}},"loc":{"start":{"line":194,"column":37},"end":{"line":194,"column":58}},"line":194},"19":{"name":"(anonymous_19)","decl":{"start":{"line":203,"column":21},"end":{"line":203,"column":22}},"loc":{"start":{"line":203,"column":27},"end":{"line":203,"column":62}},"line":203}},"branchMap":{"0":{"loc":{"start":{"line":69,"column":6},"end":{"line":71,"column":7}},"type":"if","locations":[{"start":{"line":69,"column":6},"end":{"line":71,"column":7}},{"start":{},"end":{}}],"line":69},"1":{"loc":{"start":{"line":74,"column":6},"end":{"line":80,"column":7}},"type":"if","locations":[{"start":{"line":74,"column":6},"end":{"line":80,"column":7}},{"start":{},"end":{}}],"line":74},"2":{"loc":{"start":{"line":75,"column":8},"end":{"line":77,"column":38}},"type":"binary-expr","locations":[{"start":{"line":75,"column":9},"end":{"line":75,"column":17}},{"start":{"line":75,"column":21},"end":{"line":75,"column":33}},{"start":{"line":76,"column":9},"end":{"line":76,"column":17}},{"start":{"line":76,"column":21},"end":{"line":76,"column":33}},{"start":{"line":77,"column":9},"end":{"line":77,"column":19}},{"start":{"line":77,"column":23},"end":{"line":77,"column":37}}],"line":75},"3":{"loc":{"start":{"line":88,"column":6},"end":{"line":90,"column":7}},"type":"if","locations":[{"start":{"line":88,"column":6},"end":{"line":90,"column":7}},{"start":{},"end":{}}],"line":88},"4":{"loc":{"start":{"line":106,"column":8},"end":{"line":112,"column":9}},"type":"if","locations":[{"start":{"line":106,"column":8},"end":{"line":112,"column":9}},{"start":{},"end":{}}],"line":106},"5":{"loc":{"start":{"line":127,"column":4},"end":{"line":153,"column":5}},"type":"if","locations":[{"start":{"line":127,"column":4},"end":{"line":153,"column":5}},{"start":{"line":140,"column":11},"end":{"line":153,"column":5}}],"line":127},"6":{"loc":{"start":{"line":130,"column":10},"end":{"line":136,"column":11}},"type":"if","locations":[{"start":{"line":130,"column":10},"end":{"line":136,"column":11}},{"start":{},"end":{}}],"line":130},"7":{"loc":{"start":{"line":143,"column":10},"end":{"line":149,"column":11}},"type":"if","locations":[{"start":{"line":143,"column":10},"end":{"line":149,"column":11}},{"start":{},"end":{}}],"line":143},"8":{"loc":{"start":{"line":165,"column":16},"end":{"line":179,"column":17}},"type":"cond-expr","locations":[{"start":{"line":166,"column":18},"end":{"line":176,"column":24}},{"start":{"line":178,"column":18},"end":{"line":178,"column":28}}],"line":165},"9":{"loc":{"start":{"line":182,"column":16},"end":{"line":190,"column":24}},"type":"cond-expr","locations":[{"start":{"line":183,"column":20},"end":{"line":189,"column":21}},{"start":{"line":190,"column":20},"end":{"line":190,"column":24}}],"line":182}},"s":{"0":0,"1":0,"2":0,"3":0,"4":0,"5":0,"6":0,"7":0,"8":0,"9":0,"10":0,"11":0,"12":0,"13":0,"14":0,"15":0,"16":0,"17":0,"18":0,"19":0,"20":0,"21":0,"22":0,"23":0,"24":0,"25":0,"26":0,"27":0,"28":0,"29":0,"30":0,"31":0,"32":0,"33":0,"34":0,"35":0,"36":0,"37":0,"38":0,"39":0,"40":0,"41":0,"42":0,"43":0,"44":0,"45":0,"46":0},"f":{"0":0,"1":0,"2":0,"3":0,"4":0,"5":0,"6":0,"7":0,"8":0,"9":0,"10":0,"11":0,"12":0,"13":0,"14":0,"15":0,"16":0,"17":0,"18":0,"19":0},"b":{"0":[0,0],"1":[0,0],"2":[0,0,0,0,0,0],"3":[0,0],"4":[0,0],"5":[0,0],"6":[0,0],"7":[0,0],"8":[0,0],"9":[0,0]}}
,"C:\\Users\\karthick.s\\Documents\\POC\\react-table-validation\\src\\main.jsx": {"path":"C:\\Users\\karthick.s\\Documents\\POC\\react-table-validation\\src\\main.jsx","statementMap":{"0":{"start":{"line":11,"column":0},"end":{"line":18,"column":1}}},"fnMap":{},"branchMap":{},"s":{"0":0},"f":{},"b":{}}
,"C:\\Users\\karthick.s\\Documents\\POC\\react-table-validation\\src\\components\\FormikInputNumber.jsx": {"path":"C:\\Users\\karthick.s\\Documents\\POC\\react-table-validation\\src\\components\\FormikInputNumber.jsx","statementMap":{"0":{"start":{"line":5,"column":26},"end":{"line":46,"column":1}},"1":{"start":{"line":6,"column":53},"end":{"line":6,"column":58}},"2":{"start":{"line":8,"column":23},"end":{"line":8,"column":63}},"3":{"start":{"line":9,"column":19},"end":{"line":9,"column":60}},"4":{"start":{"line":10,"column":20},"end":{"line":10,"column":61}},"5":{"start":{"line":11,"column":16},"end":{"line":11,"column":64}},"6":{"start":{"line":12,"column":23},"end":{"line":12,"column":66}},"7":{"start":{"line":13,"column":16},"end":{"line":13,"column":55}},"8":{"start":{"line":15,"column":28},"end":{"line":32,"column":3}},"9":{"start":{"line":16,"column":21},"end":{"line":16,"column":28}},"10":{"start":{"line":17,"column":22},"end":{"line":20,"column":10}},"11":{"start":{"line":18,"column":6},"end":{"line":18,"column":47}},"12":{"start":{"line":19,"column":6},"end":{"line":19,"column":17}},"13":{"start":{"line":22,"column":30},"end":{"line":29,"column":5}},"14":{"start":{"line":23,"column":6},"end":{"line":28,"column":14}},"15":{"start":{"line":30,"column":4},"end":{"line":30,"column":62}},"16":{"start":{"line":31,"column":4},"end":{"line":31,"column":32}},"17":{"start":{"line":34,"column":2},"end":{"line":45,"column":4}},"18":{"start":{"line":39,"column":25},"end":{"line":39,"column":45}}},"fnMap":{"0":{"name":"(anonymous_0)","decl":{"start":{"line":5,"column":26},"end":{"line":5,"column":27}},"loc":{"start":{"line":5,"column":37},"end":{"line":46,"column":1}},"line":5},"1":{"name":"(anonymous_1)","decl":{"start":{"line":15,"column":28},"end":{"line":15,"column":29}},"loc":{"start":{"line":15,"column":41},"end":{"line":32,"column":3}},"line":15},"2":{"name":"(anonymous_2)","decl":{"start":{"line":17,"column":46},"end":{"line":17,"column":47}},"loc":{"start":{"line":17,"column":62},"end":{"line":20,"column":5}},"line":17},"3":{"name":"(anonymous_3)","decl":{"start":{"line":22,"column":59},"end":{"line":22,"column":60}},"loc":{"start":{"line":23,"column":6},"end":{"line":28,"column":14}},"line":23},"4":{"name":"(anonymous_4)","decl":{"start":{"line":39,"column":18},"end":{"line":39,"column":19}},"loc":{"start":{"line":39,"column":25},"end":{"line":39,"column":45}},"line":39}},"branchMap":{"0":{"loc":{"start":{"line":23,"column":6},"end":{"line":28,"column":14}},"type":"cond-expr","locations":[{"start":{"line":24,"column":10},"end":{"line":27,"column":11}},{"start":{"line":28,"column":10},"end":{"line":28,"column":14}}],"line":23},"1":{"loc":{"start":{"line":40,"column":42},"end":{"line":40,"column":58}},"type":"binary-expr","locations":[{"start":{"line":40,"column":42},"end":{"line":40,"column":47}},{"start":{"line":40,"column":51},"end":{"line":40,"column":58}}],"line":40}},"s":{"0":0,"1":0,"2":0,"3":0,"4":0,"5":0,"6":0,"7":0,"8":0,"9":0,"10":0,"11":0,"12":0,"13":0,"14":0,"15":0,"16":0,"17":0,"18":0},"f":{"0":0,"1":0,"2":0,"3":0,"4":0},"b":{"0":[0,0],"1":[0,0]}}
,"C:\\Users\\karthick.s\\Documents\\POC\\react-table-validation\\src\\components\\InputNumber.jsx": {"path":"C:\\Users\\karthick.s\\Documents\\POC\\react-table-validation\\src\\components\\InputNumber.jsx","statementMap":{"0":{"start":{"line":5,"column":25},"end":{"line":19,"column":1}},"1":{"start":{"line":6,"column":2},"end":{"line":18,"column":4}},"2":{"start":{"line":11,"column":12},"end":{"line":11,"column":64}}},"fnMap":{"0":{"name":"(anonymous_0)","decl":{"start":{"line":5,"column":25},"end":{"line":5,"column":26}},"loc":{"start":{"line":5,"column":67},"end":{"line":19,"column":1}},"line":5},"1":{"name":"(anonymous_1)","decl":{"start":{"line":10,"column":23},"end":{"line":10,"column":24}},"loc":{"start":{"line":10,"column":30},"end":{"line":12,"column":9}},"line":10}},"branchMap":{"0":{"loc":{"start":{"line":9,"column":15},"end":{"line":9,"column":45}},"type":"binary-expr","locations":[{"start":{"line":9,"column":15},"end":{"line":9,"column":40}},{"start":{"line":9,"column":44},"end":{"line":9,"column":45}}],"line":9}},"s":{"0":0,"1":0,"2":0},"f":{"0":0,"1":0},"b":{"0":[0,0]}}
,"C:\\Users\\karthick.s\\Documents\\POC\\react-table-validation\\src\\js\\helper.js": {"path":"C:\\Users\\karthick.s\\Documents\\POC\\react-table-validation\\src\\js\\helper.js","statementMap":{"0":{"start":{"line":7,"column":20},"end":{"line":70,"column":1}},"1":{"start":{"line":72,"column":25},"end":{"line":72,"column":63}},"2":{"start":{"line":74,"column":25},"end":{"line":92,"column":1}},"3":{"start":{"line":75,"column":2},"end":{"line":91,"column":4}},"4":{"start":{"line":77,"column":30},"end":{"line":77,"column":34}},"5":{"start":{"line":78,"column":32},"end":{"line":78,"column":34}},"6":{"start":{"line":79,"column":6},"end":{"line":85,"column":7}},"7":{"start":{"line":80,"column":8},"end":{"line":84,"column":9}},"8":{"start":{"line":81,"column":10},"end":{"line":81,"column":56}},"9":{"start":{"line":83,"column":10},"end":{"line":83,"column":45}},"10":{"start":{"line":86,"column":6},"end":{"line":89,"column":8}},"11":{"start":{"line":94,"column":22},"end":{"line":94,"column":40}},"12":{"start":{"line":97,"column":21},"end":{"line":110,"column":1}},"13":{"start":{"line":98,"column":26},"end":{"line":106,"column":4}},"14":{"start":{"line":99,"column":25},"end":{"line":99,"column":27}},"15":{"start":{"line":100,"column":4},"end":{"line":104,"column":7}},"16":{"start":{"line":101,"column":6},"end":{"line":103,"column":39}},"17":{"start":{"line":105,"column":4},"end":{"line":105,"column":34}},"18":{"start":{"line":107,"column":2},"end":{"line":109,"column":5}},"19":{"start":{"line":112,"column":21},"end":{"line":118,"column":1}},"20":{"start":{"line":113,"column":2},"end":{"line":117,"column":8}},"21":{"start":{"line":114,"column":18},"end":{"line":114,"column":45}},"22":{"start":{"line":115,"column":18},"end":{"line":115,"column":29}},"23":{"start":{"line":116,"column":4},"end":{"line":116,"column":52}}},"fnMap":{"0":{"name":"(anonymous_0)","decl":{"start":{"line":74,"column":25},"end":{"line":74,"column":26}},"loc":{"start":{"line":74,"column":31},"end":{"line":92,"column":1}},"line":74},"1":{"name":"(anonymous_1)","decl":{"start":{"line":76,"column":43},"end":{"line":76,"column":44}},"loc":{"start":{"line":76,"column":53},"end":{"line":90,"column":5}},"line":76},"2":{"name":"(anonymous_2)","decl":{"start":{"line":97,"column":21},"end":{"line":97,"column":22}},"loc":{"start":{"line":97,"column":37},"end":{"line":110,"column":1}},"line":97},"3":{"name":"(anonymous_3)","decl":{"start":{"line":98,"column":41},"end":{"line":98,"column":42}},"loc":{"start":{"line":98,"column":51},"end":{"line":106,"column":3}},"line":98},"4":{"name":"(anonymous_4)","decl":{"start":{"line":100,"column":29},"end":{"line":100,"column":30}},"loc":{"start":{"line":100,"column":40},"end":{"line":104,"column":5}},"line":100},"5":{"name":"(anonymous_5)","decl":{"start":{"line":112,"column":21},"end":{"line":112,"column":22}},"loc":{"start":{"line":112,"column":46},"end":{"line":118,"column":1}},"line":112},"6":{"name":"(anonymous_6)","decl":{"start":{"line":113,"column":41},"end":{"line":113,"column":42}},"loc":{"start":{"line":113,"column":56},"end":{"line":117,"column":3}},"line":113}},"branchMap":{"0":{"loc":{"start":{"line":80,"column":8},"end":{"line":84,"column":9}},"type":"if","locations":[{"start":{"line":80,"column":8},"end":{"line":84,"column":9}},{"start":{"line":82,"column":15},"end":{"line":84,"column":9}}],"line":80},"1":{"loc":{"start":{"line":80,"column":12},"end":{"line":80,"column":70}},"type":"binary-expr","locations":[{"start":{"line":80,"column":12},"end":{"line":80,"column":36}},{"start":{"line":80,"column":40},"end":{"line":80,"column":70}}],"line":80},"2":{"loc":{"start":{"line":116,"column":18},"end":{"line":116,"column":50}},"type":"cond-expr","locations":[{"start":{"line":116,"column":33},"end":{"line":116,"column":34}},{"start":{"line":116,"column":37},"end":{"line":116,"column":50}}],"line":116}},"s":{"0":0,"1":0,"2":0,"3":0,"4":0,"5":0,"6":0,"7":0,"8":0,"9":0,"10":0,"11":0,"12":0,"13":0,"14":0,"15":0,"16":0,"17":0,"18":0,"19":0,"20":0,"21":0,"22":0,"23":0},"f":{"0":0,"1":0,"2":0,"3":0,"4":0,"5":0,"6":0},"b":{"0":[0,0],"1":[0,0],"2":[0,0]}}
,"C:\\Users\\karthick.s\\Documents\\POC\\react-table-validation\\src\\js\\nonOptimize.js": {"path":"C:\\Users\\karthick.s\\Documents\\POC\\react-table-validation\\src\\js\\nonOptimize.js","statementMap":{"0":{"start":{"line":1,"column":27},"end":{"line":15,"column":1}},"1":{"start":{"line":2,"column":17},"end":{"line":2,"column":64}},"2":{"start":{"line":3,"column":2},"end":{"line":14,"column":7}},"3":{"start":{"line":5,"column":6},"end":{"line":5,"column":29}},"4":{"start":{"line":8,"column":21},"end":{"line":8,"column":25}},"5":{"start":{"line":9,"column":6},"end":{"line":12,"column":9}},"6":{"start":{"line":10,"column":8},"end":{"line":11,"column":30}},"7":{"start":{"line":13,"column":6},"end":{"line":13,"column":22}},"8":{"start":{"line":19,"column":28},"end":{"line":37,"column":1}},"9":{"start":{"line":19,"column":80},"end":{"line":19,"column":111}},"10":{"start":{"line":20,"column":17},"end":{"line":20,"column":18}},"11":{"start":{"line":21,"column":18},"end":{"line":21,"column":19}},"12":{"start":{"line":23,"column":2},"end":{"line":34,"column":5}},"13":{"start":{"line":24,"column":4},"end":{"line":33,"column":5}},"14":{"start":{"line":26,"column":8},"end":{"line":26,"column":20}},"15":{"start":{"line":27,"column":8},"end":{"line":27,"column":14}},"16":{"start":{"line":29,"column":8},"end":{"line":29,"column":19}},"17":{"start":{"line":30,"column":8},"end":{"line":30,"column":14}},"18":{"start":{"line":32,"column":8},"end":{"line":32,"column":14}},"19":{"start":{"line":36,"column":2},"end":{"line":36,"column":33}},"20":{"start":{"line":41,"column":68},"end":{"line":41,"column":99}},"21":{"start":{"line":42,"column":12},"end":{"line":42,"column":13}},"22":{"start":{"line":43,"column":2},"end":{"line":45,"column":3}},"23":{"start":{"line":43,"column":15},"end":{"line":43,"column":16}},"24":{"start":{"line":44,"column":4},"end":{"line":44,"column":20}},"25":{"start":{"line":46,"column":2},"end":{"line":46,"column":13}}},"fnMap":{"0":{"name":"(anonymous_0)","decl":{"start":{"line":1,"column":27},"end":{"line":1,"column":28}},"loc":{"start":{"line":1,"column":39},"end":{"line":15,"column":1}},"line":1},"1":{"name":"(anonymous_1)","decl":{"start":{"line":4,"column":10},"end":{"line":4,"column":11}},"loc":{"start":{"line":4,"column":30},"end":{"line":6,"column":5}},"line":4},"2":{"name":"(anonymous_2)","decl":{"start":{"line":7,"column":10},"end":{"line":7,"column":11}},"loc":{"start":{"line":7,"column":26},"end":{"line":14,"column":5}},"line":7},"3":{"name":"(anonymous_3)","decl":{"start":{"line":9,"column":30},"end":{"line":9,"column":31}},"loc":{"start":{"line":9,"column":41},"end":{"line":12,"column":7}},"line":9},"4":{"name":"(anonymous_4)","decl":{"start":{"line":19,"column":28},"end":{"line":19,"column":29}},"loc":{"start":{"line":19,"column":117},"end":{"line":37,"column":1}},"line":19},"5":{"name":"(anonymous_5)","decl":{"start":{"line":19,"column":75},"end":{"line":19,"column":76}},"loc":{"start":{"line":19,"column":80},"end":{"line":19,"column":111}},"line":19},"6":{"name":"(anonymous_6)","decl":{"start":{"line":23,"column":14},"end":{"line":23,"column":15}},"loc":{"start":{"line":23,"column":32},"end":{"line":34,"column":3}},"line":23},"7":{"name":"findSum","decl":{"start":{"line":41,"column":15},"end":{"line":41,"column":22}},"loc":{"start":{"line":41,"column":102},"end":{"line":47,"column":1}},"line":41},"8":{"name":"(anonymous_8)","decl":{"start":{"line":41,"column":62},"end":{"line":41,"column":63}},"loc":{"start":{"line":41,"column":68},"end":{"line":41,"column":99}},"line":41}},"branchMap":{"0":{"loc":{"start":{"line":19,"column":34},"end":{"line":19,"column":112}},"type":"default-arg","locations":[{"start":{"line":19,"column":44},"end":{"line":19,"column":112}}],"line":19},"1":{"loc":{"start":{"line":24,"column":4},"end":{"line":33,"column":5}},"type":"switch","locations":[{"start":{"line":25,"column":6},"end":{"line":27,"column":14}},{"start":{"line":28,"column":6},"end":{"line":30,"column":14}},{"start":{"line":31,"column":6},"end":{"line":32,"column":14}}],"line":24},"2":{"loc":{"start":{"line":41,"column":23},"end":{"line":41,"column":100}},"type":"default-arg","locations":[{"start":{"line":41,"column":31},"end":{"line":41,"column":100}}],"line":41}},"s":{"0":1,"1":1,"2":1,"3":1,"4":1,"5":1,"6":500,"7":1,"8":1,"9":100000,"10":1,"11":1,"12":1,"13":100000,"14":49854,"15":49854,"16":50146,"17":50146,"18":0,"19":1,"20":100000,"21":1,"22":1,"23":1,"24":100000,"25":1},"f":{"0":1,"1":1,"2":1,"3":500,"4":1,"5":100000,"6":100000,"7":1,"8":100000},"b":{"0":[1],"1":[49854,50146,0],"2":[1]},"_coverageSchema":"1a1c01bbd47fc00a2c39e90264f33305004495a9","hash":"418c76a9c7fdfe7f56f0ffe544fd74b9a7d444f4"}
,"C:\\Users\\karthick.s\\Documents\\POC\\react-table-validation\\src\\js\\optimized.js": {"path":"C:\\Users\\karthick.s\\Documents\\POC\\react-table-validation\\src\\js\\optimized.js","statementMap":{"0":{"start":{"line":2,"column":28},"end":{"line":9,"column":1}},"1":{"start":{"line":3,"column":17},"end":{"line":3,"column":64}},"2":{"start":{"line":4,"column":17},"end":{"line":4,"column":19}},"3":{"start":{"line":5,"column":19},"end":{"line":5,"column":40}},"4":{"start":{"line":6,"column":2},"end":{"line":6,"column":35}},"5":{"start":{"line":7,"column":2},"end":{"line":7,"column":75}},"6":{"start":{"line":7,"column":40},"end":{"line":7,"column":72}},"7":{"start":{"line":8,"column":2},"end":{"line":8,"column":18}},"8":{"start":{"line":12,"column":81},"end":{"line":12,"column":112}},"9":{"start":{"line":13,"column":17},"end":{"line":13,"column":18}},"10":{"start":{"line":14,"column":18},"end":{"line":14,"column":19}},"11":{"start":{"line":15,"column":2},"end":{"line":15,"column":73}},"12":{"start":{"line":15,"column":28},"end":{"line":15,"column":71}},"13":{"start":{"line":17,"column":2},"end":{"line":17,"column":33}},"14":{"start":{"line":22,"column":16},"end":{"line":22,"column":147}},"15":{"start":{"line":22,"column":68},"end":{"line":22,"column":99}},"16":{"start":{"line":22,"column":105},"end":{"line":22,"column":147}},"17":{"start":{"line":22,"column":133},"end":{"line":22,"column":143}}},"fnMap":{"0":{"name":"(anonymous_0)","decl":{"start":{"line":2,"column":28},"end":{"line":2,"column":29}},"loc":{"start":{"line":2,"column":40},"end":{"line":9,"column":1}},"line":2},"1":{"name":"(anonymous_1)","decl":{"start":{"line":7,"column":26},"end":{"line":7,"column":27}},"loc":{"start":{"line":7,"column":40},"end":{"line":7,"column":72}},"line":7},"2":{"name":"countOddEvenNumbers","decl":{"start":{"line":12,"column":15},"end":{"line":12,"column":34}},"loc":{"start":{"line":12,"column":115},"end":{"line":18,"column":1}},"line":12},"3":{"name":"(anonymous_3)","decl":{"start":{"line":12,"column":76},"end":{"line":12,"column":77}},"loc":{"start":{"line":12,"column":81},"end":{"line":12,"column":112}},"line":12},"4":{"name":"(anonymous_4)","decl":{"start":{"line":15,"column":18},"end":{"line":15,"column":19}},"loc":{"start":{"line":15,"column":28},"end":{"line":15,"column":71}},"line":15},"5":{"name":"(anonymous_5)","decl":{"start":{"line":22,"column":16},"end":{"line":22,"column":17}},"loc":{"start":{"line":22,"column":105},"end":{"line":22,"column":147}},"line":22},"6":{"name":"(anonymous_6)","decl":{"start":{"line":22,"column":62},"end":{"line":22,"column":63}},"loc":{"start":{"line":22,"column":68},"end":{"line":22,"column":99}},"line":22},"7":{"name":"(anonymous_7)","decl":{"start":{"line":22,"column":118},"end":{"line":22,"column":119}},"loc":{"start":{"line":22,"column":133},"end":{"line":22,"column":143}},"line":22}},"branchMap":{"0":{"loc":{"start":{"line":12,"column":35},"end":{"line":12,"column":113}},"type":"default-arg","locations":[{"start":{"line":12,"column":45},"end":{"line":12,"column":113}}],"line":12},"1":{"loc":{"start":{"line":15,"column":28},"end":{"line":15,"column":71}},"type":"cond-expr","locations":[{"start":{"line":15,"column":47},"end":{"line":15,"column":58}},{"start":{"line":15,"column":61},"end":{"line":15,"column":71}}],"line":15},"2":{"loc":{"start":{"line":22,"column":23},"end":{"line":22,"column":100}},"type":"default-arg","locations":[{"start":{"line":22,"column":31},"end":{"line":22,"column":100}}],"line":22}},"s":{"0":1,"1":1,"2":1,"3":1,"4":1,"5":1,"6":500,"7":1,"8":100000,"9":1,"10":1,"11":1,"12":100000,"13":1,"14":1,"15":100000,"16":1,"17":100000},"f":{"0":1,"1":500,"2":1,"3":100000,"4":100000,"5":1,"6":100000,"7":100000},"b":{"0":[1],"1":[49837,50163],"2":[1]},"_coverageSchema":"1a1c01bbd47fc00a2c39e90264f33305004495a9","hash":"e286fa03eb5c126e7a583ee9c60cd4cae0d9af2f"}
}
