TN:
SF:src\App.jsx
FN:10,App
FN:13,(anonymous_1)
FN:17,(anonymous_2)
FN:23,(anonymous_3)
FN:28,(anonymous_4)
FN:37,(anonymous_5)
FN:47,(anonymous_6)
FN:48,(anonymous_7)
FN:49,(anonymous_8)
FN:53,(anonymous_9)
FN:69,(anonymous_10)
FN:75,(anonymous_11)
FN:81,(anonymous_12)
FNF:13
FNH:0
FNDA:0,App
FNDA:0,(anonymous_1)
FNDA:0,(anonymous_2)
FNDA:0,(anonymous_3)
FNDA:0,(anonymous_4)
FNDA:0,(anonymous_5)
FNDA:0,(anonymous_6)
FNDA:0,(anonymous_7)
FNDA:0,(anonymous_8)
FNDA:0,(anonymous_9)
FNDA:0,(anonymous_10)
FNDA:0,(anonymous_11)
FNDA:0,(anonymous_12)
DA:11,0
DA:14,0
DA:15,0
DA:16,0
DA:17,0
DA:19,0
DA:21,0
DA:24,0
DA:28,0
DA:29,0
DA:37,0
DA:38,0
DA:47,0
DA:48,0
DA:49,0
DA:53,0
DA:54,0
DA:57,0
DA:70,0
DA:76,0
DA:82,0
LF:21
LH:0
BRDA:15,0,0,0
BRDA:15,0,1,0
BRDA:49,1,0,0
BRDA:49,1,1,0
BRDA:54,2,0,0
BRDA:54,2,1,0
BRF:6
BRH:0
end_of_record
TN:
SF:src\AppDataTable.jsx
FN:8,AppDataTable
FN:65,(anonymous_1)
FN:85,(anonymous_2)
FN:87,(anonymous_3)
FN:95,(anonymous_4)
FN:103,(anonymous_5)
FN:104,(anonymous_6)
FN:105,(anonymous_7)
FN:118,(anonymous_8)
FN:122,(anonymous_9)
FN:126,(anonymous_10)
FN:128,(anonymous_11)
FN:129,(anonymous_12)
FN:141,(anonymous_13)
FN:142,(anonymous_14)
FN:146,(anonymous_15)
FN:160,(anonymous_16)
FN:183,(anonymous_17)
FN:194,(anonymous_18)
FN:203,(anonymous_19)
FNF:20
FNH:0
FNDA:0,AppDataTable
FNDA:0,(anonymous_1)
FNDA:0,(anonymous_2)
FNDA:0,(anonymous_3)
FNDA:0,(anonymous_4)
FNDA:0,(anonymous_5)
FNDA:0,(anonymous_6)
FNDA:0,(anonymous_7)
FNDA:0,(anonymous_8)
FNDA:0,(anonymous_9)
FNDA:0,(anonymous_10)
FNDA:0,(anonymous_11)
FNDA:0,(anonymous_12)
FNDA:0,(anonymous_13)
FNDA:0,(anonymous_14)
FNDA:0,(anonymous_15)
FNDA:0,(anonymous_16)
FNDA:0,(anonymous_17)
FNDA:0,(anonymous_18)
FNDA:0,(anonymous_19)
DA:9,0
DA:57,0
DA:65,0
DA:66,0
DA:68,0
DA:69,0
DA:70,0
DA:72,0
DA:73,0
DA:74,0
DA:79,0
DA:82,0
DA:85,0
DA:86,0
DA:87,0
DA:88,0
DA:89,0
DA:92,0
DA:95,0
DA:96,0
DA:103,0
DA:104,0
DA:105,0
DA:106,0
DA:107,0
DA:113,0
DA:118,0
DA:119,0
DA:122,0
DA:126,0
DA:127,0
DA:128,0
DA:129,0
DA:130,0
DA:131,0
DA:137,0
DA:141,0
DA:142,0
DA:143,0
DA:144,0
DA:146,0
DA:150,0
DA:156,0
DA:161,0
DA:184,0
DA:194,0
DA:203,0
LF:47
LH:0
BRDA:69,0,0,0
BRDA:69,0,1,0
BRDA:74,1,0,0
BRDA:74,1,1,0
BRDA:75,2,0,0
BRDA:75,2,1,0
BRDA:75,2,2,0
BRDA:75,2,3,0
BRDA:75,2,4,0
BRDA:75,2,5,0
BRDA:88,3,0,0
BRDA:88,3,1,0
BRDA:106,4,0,0
BRDA:106,4,1,0
BRDA:127,5,0,0
BRDA:127,5,1,0
BRDA:130,6,0,0
BRDA:130,6,1,0
BRDA:143,7,0,0
BRDA:143,7,1,0
BRDA:165,8,0,0
BRDA:165,8,1,0
BRDA:182,9,0,0
BRDA:182,9,1,0
BRF:24
BRH:0
end_of_record
TN:
SF:src\main.jsx
FNF:0
FNH:0
DA:11,0
LF:1
LH:0
BRF:0
BRH:0
end_of_record
TN:
SF:src\components\FormikInputNumber.jsx
FN:5,(anonymous_0)
FN:15,(anonymous_1)
FN:17,(anonymous_2)
FN:22,(anonymous_3)
FN:39,(anonymous_4)
FNF:5
FNH:0
FNDA:0,(anonymous_0)
FNDA:0,(anonymous_1)
FNDA:0,(anonymous_2)
FNDA:0,(anonymous_3)
FNDA:0,(anonymous_4)
DA:5,0
DA:6,0
DA:8,0
DA:9,0
DA:10,0
DA:11,0
DA:12,0
DA:13,0
DA:15,0
DA:16,0
DA:17,0
DA:18,0
DA:19,0
DA:22,0
DA:23,0
DA:30,0
DA:31,0
DA:34,0
DA:39,0
LF:19
LH:0
BRDA:23,0,0,0
BRDA:23,0,1,0
BRDA:40,1,0,0
BRDA:40,1,1,0
BRF:4
BRH:0
end_of_record
TN:
SF:src\components\InputNumber.jsx
FN:5,(anonymous_0)
FN:10,(anonymous_1)
FNF:2
FNH:0
FNDA:0,(anonymous_0)
FNDA:0,(anonymous_1)
DA:5,0
DA:6,0
DA:11,0
LF:3
LH:0
BRDA:9,0,0,0
BRDA:9,0,1,0
BRF:2
BRH:0
end_of_record
TN:
SF:src\js\helper.js
FN:74,(anonymous_0)
FN:76,(anonymous_1)
FN:97,(anonymous_2)
FN:98,(anonymous_3)
FN:100,(anonymous_4)
FN:112,(anonymous_5)
FN:113,(anonymous_6)
FNF:7
FNH:0
FNDA:0,(anonymous_0)
FNDA:0,(anonymous_1)
FNDA:0,(anonymous_2)
FNDA:0,(anonymous_3)
FNDA:0,(anonymous_4)
FNDA:0,(anonymous_5)
FNDA:0,(anonymous_6)
DA:7,0
DA:72,0
DA:74,0
DA:75,0
DA:77,0
DA:78,0
DA:79,0
DA:80,0
DA:81,0
DA:83,0
DA:86,0
DA:94,0
DA:97,0
DA:98,0
DA:99,0
DA:100,0
DA:101,0
DA:105,0
DA:107,0
DA:112,0
DA:113,0
DA:114,0
DA:115,0
DA:116,0
LF:24
LH:0
BRDA:80,0,0,0
BRDA:80,0,1,0
BRDA:80,1,0,0
BRDA:80,1,1,0
BRDA:116,2,0,0
BRDA:116,2,1,0
BRF:6
BRH:0
end_of_record
TN:
SF:src\js\nonOptimize.js
FN:1,(anonymous_0)
FN:4,(anonymous_1)
FN:7,(anonymous_2)
FN:9,(anonymous_3)
FN:19,(anonymous_4)
FN:19,(anonymous_5)
FN:23,(anonymous_6)
FN:41,findSum
FN:41,(anonymous_8)
FNF:9
FNH:9
FNDA:1,(anonymous_0)
FNDA:1,(anonymous_1)
FNDA:1,(anonymous_2)
FNDA:500,(anonymous_3)
FNDA:1,(anonymous_4)
FNDA:100000,(anonymous_5)
FNDA:100000,(anonymous_6)
FNDA:1,findSum
FNDA:100000,(anonymous_8)
DA:1,1
DA:2,1
DA:3,1
DA:5,1
DA:8,1
DA:9,1
DA:10,500
DA:13,1
DA:19,100000
DA:20,1
DA:21,1
DA:23,1
DA:24,100000
DA:26,49854
DA:27,49854
DA:29,50146
DA:30,50146
DA:32,0
DA:36,1
DA:41,100000
DA:42,1
DA:43,1
DA:44,100000
DA:46,1
LF:24
LH:23
BRDA:19,0,0,1
BRDA:24,1,0,49854
BRDA:24,1,1,50146
BRDA:24,1,2,0
BRDA:41,2,0,1
BRF:5
BRH:4
end_of_record
TN:
SF:src\js\optimized.js
FN:2,(anonymous_0)
FN:7,(anonymous_1)
FN:12,countOddEvenNumbers
FN:12,(anonymous_3)
FN:15,(anonymous_4)
FN:22,(anonymous_5)
FN:22,(anonymous_6)
FN:22,(anonymous_7)
FNF:8
FNH:8
FNDA:1,(anonymous_0)
FNDA:500,(anonymous_1)
FNDA:1,countOddEvenNumbers
FNDA:100000,(anonymous_3)
FNDA:100000,(anonymous_4)
FNDA:1,(anonymous_5)
FNDA:100000,(anonymous_6)
FNDA:100000,(anonymous_7)
DA:2,1
DA:3,1
DA:4,1
DA:5,1
DA:6,1
DA:7,500
DA:8,1
DA:12,100000
DA:13,1
DA:14,1
DA:15,100000
DA:17,1
DA:22,100000
LF:13
LH:13
BRDA:12,0,0,1
BRDA:15,1,0,49837
BRDA:15,1,1,50163
BRDA:22,2,0,1
BRF:4
BRH:4
end_of_record
